02-layouts/projects/starter/timefighter/app/build/intermediates/manifest_merge_blame_file/debug/manifest-merger-blame-debug-report.txt
1<?xml version="1.0" encoding="utf-8"?>
2<manifest xmlns:android="http://schemas.android.com/apk/res/android"
3    package="com.raywenderlich.timefighter"
4    android:versionCode="1"
5    android:versionName="1.0" >
6
7    <uses-sdk
8        android:minSdkVersion="21"
8-->src/main/AndroidManifest.xml
9        android:targetSdkVersion="30" />
9-->src/main/AndroidManifest.xml
10
11    <application
11-->src/main/AndroidManifest.xml:5:3-19:17
12        android:allowBackup="true"
12-->src/main/AndroidManifest.xml:6:7-33
13        android:appComponentFactory="androidx.core.app.CoreComponentFactory"
13-->[androidx.core:core:1.3.2] AndroidManifest.xml:24:18-86
14        android:debuggable="true"
15        android:icon="@mipmap/ic_launcher"
15-->src/main/AndroidManifest.xml:7:7-41
16        android:label="@string/app_name"
16-->src/main/AndroidManifest.xml:8:7-39
17        android:roundIcon="@mipmap/ic_launcher_round"
17-->src/main/AndroidManifest.xml:9:7-52
18        android:supportsRtl="true"
18-->src/main/AndroidManifest.xml:10:7-33
19        android:testOnly="true"
20        android:theme="@style/Theme.Timefighter" >
20-->src/main/AndroidManifest.xml:11:7-47
21        <activity android:name="com.raywenderlich.timefighter.MainActivity" >
21-->src/main/AndroidManifest.xml:12:5-18:16
21-->src/main/AndroidManifest.xml:12:15-43
22            <intent-filter>
22-->src/main/AndroidManifest.xml:13:7-17:23
23                <action android:name="android.intent.action.MAIN" />
23-->src/main/AndroidManifest.xml:14:9-61
23-->src/main/AndroidManifest.xml:14:17-58
24
25                <category android:name="android.intent.category.LAUNCHER" />
25-->src/main/AndroidManifest.xml:16:9-69
25-->src/main/AndroidManifest.xml:16:19-66
26            </intent-filter>
27        </activity>
28    </application>
29
30</manifest>